<?xml version="1.0" encoding="UTF-8"?>
<!-- Generated by org.testng.reporters.JUnitXMLReporter -->
<testsuite ignored="0" hostname="DESKTOP-1B6O86T" failures="0" tests="5" name="Kloeckner trello TestCases" time="333.296" errors="0" timestamp="2020-02-15T15:19:18 CET">
  <testcase classname="kloeckner.TestCases.VerficationOfCardDetails" name="VerificationofListNameOnCard" time="32.738"/>
  <testcase classname="kloeckner.TestCases.VerficationOfCardDetails" name="VerificationofCardNameOnCard" time="35.446"/>
  <testcase classname="kloeckner.TestCases.VerificationOfAddingMembers" name="VerificationofAddingMembersToBoard" time="33.568"/>
  <testcase classname="kloeckner.TestCases.VerificationOfAddingMembers" name="VerificationofAddingMembersToCard" time="32.29"/>
  <testcase classname="kloeckner.TestCases.VerificationOfAddingMembers" name="VerificationofAddedMemberatCardAndBoard" time="38.915"/>
</testsuite> <!-- Kloeckner trello TestCases -->
