<?xml version="1.0" encoding="UTF-8"?>
<testng-results ignored="0" total="5" passed="5" failed="0" skipped="0">
  <reporter-output>
  </reporter-output>
  <suite started-at="2020-02-15T15:13:45 CET" name="Kloeckner trello TestCases Suite" finished-at="2020-02-15T15:19:18 CET" duration-ms="333296">
    <groups>
    </groups>
    <test started-at="2020-02-15T15:13:45 CET" name="Kloeckner trello TestCases" finished-at="2020-02-15T15:19:18 CET" duration-ms="333296">
      <class name="kloeckner.TestCases.VerificationOfAddingMembers">
        <test-method is-config="true" signature="setUp()[pri:0, instance:kloeckner.TestCases.VerificationOfAddingMembers@5552768b]" started-at="2020-02-15T15:16:09 CET" name="setUp" finished-at="2020-02-15T15:16:23 CET" duration-ms="14261" status="PASS">
          <reporter-output>
          </reporter-output>
        </test-method> <!-- setUp -->
        <test-method signature="VerificationofAddingMembersToBoard()[pri:0, instance:kloeckner.TestCases.VerificationOfAddingMembers@5552768b]" started-at="2020-02-15T15:16:23 CET" name="VerificationofAddingMembersToBoard" finished-at="2020-02-15T15:16:57 CET" duration-ms="33568" status="PASS">
          <reporter-output>
          </reporter-output>
        </test-method> <!-- VerificationofAddingMembersToBoard -->
        <test-method is-config="true" signature="tearDown()[pri:0, instance:kloeckner.TestCases.VerificationOfAddingMembers@5552768b]" started-at="2020-02-15T15:16:57 CET" name="tearDown" finished-at="2020-02-15T15:17:12 CET" duration-ms="15104" status="PASS">
          <reporter-output>
          </reporter-output>
        </test-method> <!-- tearDown -->
        <test-method is-config="true" signature="setUp()[pri:0, instance:kloeckner.TestCases.VerificationOfAddingMembers@5552768b]" started-at="2020-02-15T15:17:12 CET" name="setUp" finished-at="2020-02-15T15:17:26 CET" duration-ms="14293" status="PASS">
          <reporter-output>
          </reporter-output>
        </test-method> <!-- setUp -->
        <test-method signature="VerificationofAddingMembersToCard()[pri:1, instance:kloeckner.TestCases.VerificationOfAddingMembers@5552768b]" started-at="2020-02-15T15:17:26 CET" name="VerificationofAddingMembersToCard" finished-at="2020-02-15T15:17:58 CET" duration-ms="32290" status="PASS">
          <reporter-output>
          </reporter-output>
        </test-method> <!-- VerificationofAddingMembersToCard -->
        <test-method is-config="true" signature="tearDown()[pri:0, instance:kloeckner.TestCases.VerificationOfAddingMembers@5552768b]" started-at="2020-02-15T15:17:58 CET" name="tearDown" finished-at="2020-02-15T15:18:12 CET" duration-ms="13690" status="PASS">
          <reporter-output>
          </reporter-output>
        </test-method> <!-- tearDown -->
        <test-method is-config="true" signature="setUp()[pri:0, instance:kloeckner.TestCases.VerificationOfAddingMembers@5552768b]" started-at="2020-02-15T15:18:12 CET" name="setUp" finished-at="2020-02-15T15:18:28 CET" duration-ms="16295" status="PASS">
          <reporter-output>
          </reporter-output>
        </test-method> <!-- setUp -->
        <test-method signature="VerificationofAddedMemberatCardAndBoard()[pri:2, instance:kloeckner.TestCases.VerificationOfAddingMembers@5552768b]" started-at="2020-02-15T15:18:28 CET" name="VerificationofAddedMemberatCardAndBoard" finished-at="2020-02-15T15:19:07 CET" duration-ms="38915" status="PASS">
          <reporter-output>
          </reporter-output>
        </test-method> <!-- VerificationofAddedMemberatCardAndBoard -->
        <test-method is-config="true" signature="tearDown()[pri:0, instance:kloeckner.TestCases.VerificationOfAddingMembers@5552768b]" started-at="2020-02-15T15:19:07 CET" name="tearDown" finished-at="2020-02-15T15:19:18 CET" duration-ms="10649" status="PASS">
          <reporter-output>
          </reporter-output>
        </test-method> <!-- tearDown -->
      </class> <!-- kloeckner.TestCases.VerificationOfAddingMembers -->
      <class name="kloeckner.TestCases.VerficationOfCardDetails">
        <test-method is-config="true" signature="setUp()[pri:0, instance:kloeckner.TestCases.VerficationOfCardDetails@671a5887]" started-at="2020-02-15T15:13:45 CET" name="setUp" finished-at="2020-02-15T15:14:18 CET" duration-ms="33661" status="PASS">
          <reporter-output>
          </reporter-output>
        </test-method> <!-- setUp -->
        <test-method signature="VerificationofListNameOnCard()[pri:0, instance:kloeckner.TestCases.VerficationOfCardDetails@671a5887]" started-at="2020-02-15T15:14:18 CET" name="VerificationofListNameOnCard" finished-at="2020-02-15T15:14:51 CET" duration-ms="32738" status="PASS">
          <reporter-output>
          </reporter-output>
        </test-method> <!-- VerificationofListNameOnCard -->
        <test-method is-config="true" signature="tearDown()[pri:0, instance:kloeckner.TestCases.VerficationOfCardDetails@671a5887]" started-at="2020-02-15T15:14:51 CET" name="tearDown" finished-at="2020-02-15T15:15:04 CET" duration-ms="13055" status="PASS">
          <reporter-output>
          </reporter-output>
        </test-method> <!-- tearDown -->
        <test-method is-config="true" signature="setUp()[pri:0, instance:kloeckner.TestCases.VerficationOfCardDetails@671a5887]" started-at="2020-02-15T15:15:04 CET" name="setUp" finished-at="2020-02-15T15:15:19 CET" duration-ms="15012" status="PASS">
          <reporter-output>
          </reporter-output>
        </test-method> <!-- setUp -->
        <test-method signature="VerificationofCardNameOnCard()[pri:1, instance:kloeckner.TestCases.VerficationOfCardDetails@671a5887]" started-at="2020-02-15T15:15:19 CET" name="VerificationofCardNameOnCard" finished-at="2020-02-15T15:15:55 CET" duration-ms="35446" status="PASS">
          <reporter-output>
          </reporter-output>
        </test-method> <!-- VerificationofCardNameOnCard -->
        <test-method is-config="true" signature="tearDown()[pri:0, instance:kloeckner.TestCases.VerficationOfCardDetails@671a5887]" started-at="2020-02-15T15:15:55 CET" name="tearDown" finished-at="2020-02-15T15:16:09 CET" duration-ms="14241" status="PASS">
          <reporter-output>
          </reporter-output>
        </test-method> <!-- tearDown -->
      </class> <!-- kloeckner.TestCases.VerficationOfCardDetails -->
    </test> <!-- Kloeckner trello TestCases -->
  </suite> <!-- Kloeckner trello TestCases Suite -->
</testng-results>
